Started GET "/" for 127.0.0.1 at 2019-01-03 22:40:40 -0700
  [1m[35m (2.8ms)[0m  [1m[34mSELECT "schema_migrations"."version" FROM "schema_migrations" ORDER BY "schema_migrations"."version" ASC[0m
  ↳ /Users/nate/.rbenv/versions/2.5.0/lib/ruby/gems/2.5.0/gems/activerecord-5.2.1/lib/active_record/log_subscriber.rb:98
Processing by BiosController#index as HTML
  [1m[36mUser Load (14.8ms)[0m  [1m[34mSELECT  "users".* FROM "users" WHERE "users"."id" = $1 ORDER BY "users"."id" ASC LIMIT $2[0m  [["id", 10], ["LIMIT", 1]]
  ↳ /Users/nate/.rbenv/versions/2.5.0/lib/ruby/gems/2.5.0/gems/activerecord-5.2.1/lib/active_record/log_subscriber.rb:98
  Rendering bios/index.html.erb within layouts/application
  [1m[36mBio Load (1.4ms)[0m  [1m[34mSELECT  "bios".* FROM "bios" WHERE "bios"."user_id" = $1 LIMIT $2[0m  [["user_id", 10], ["LIMIT", 1]]
  ↳ app/views/bios/index.html.erb:3
  [1m[36mBio Load (0.8ms)[0m  [1m[34mSELECT "bios".* FROM "bios"[0m
  ↳ app/views/bios/index.html.erb:8
  [1m[36mUser Load (2.2ms)[0m  [1m[34mSELECT  "users".* FROM "users" WHERE "users"."id" = $1 LIMIT $2[0m  [["id", 8], ["LIMIT", 1]]
  ↳ app/views/bios/index.html.erb:17
  [1m[36mUser Load (0.8ms)[0m  [1m[34mSELECT  "users".* FROM "users" WHERE "users"."id" = $1 LIMIT $2[0m  [["id", 9], ["LIMIT", 1]]
  ↳ app/views/bios/index.html.erb:17
  Rendered bios/index.html.erb within layouts/application (134.1ms)
  Rendered layouts/_navbar.html.erb (2.4ms)
Completed 200 OK in 1432ms (Views: 1328.0ms | ActiveRecord: 40.9ms)


Started DELETE "/users/sign_out" for 127.0.0.1 at 2019-01-03 22:40:45 -0700
Processing by Devise::SessionsController#destroy as HTML
  Parameters: {"authenticity_token"=>"t1Uvu2H79lI7NsmJhJgONuR57xVjfTdJoKP4TTAG0uHwphi29tdKJqR0za0xADRlHXA7UYHys+UJ4PCj6Xstzw=="}
  [1m[36mUser Load (2.9ms)[0m  [1m[34mSELECT  "users".* FROM "users" WHERE "users"."id" = $1 ORDER BY "users"."id" ASC LIMIT $2[0m  [["id", 10], ["LIMIT", 1]]
  ↳ /Users/nate/.rbenv/versions/2.5.0/lib/ruby/gems/2.5.0/gems/activerecord-5.2.1/lib/active_record/log_subscriber.rb:98
  [1m[35m (0.9ms)[0m  [1m[35mBEGIN[0m
  ↳ /Users/nate/.rbenv/versions/2.5.0/lib/ruby/gems/2.5.0/gems/activerecord-5.2.1/lib/active_record/log_subscriber.rb:98
  [1m[35m (0.3ms)[0m  [1m[35mCOMMIT[0m
  ↳ /Users/nate/.rbenv/versions/2.5.0/lib/ruby/gems/2.5.0/gems/activerecord-5.2.1/lib/active_record/log_subscriber.rb:98
Redirected to http://localhost:3000/
Completed 302 Found in 54ms (ActiveRecord: 4.1ms)


Started GET "/" for 127.0.0.1 at 2019-01-03 22:40:46 -0700
Processing by BiosController#index as HTML
Completed 401 Unauthorized in 8ms (ActiveRecord: 0.0ms)


Started GET "/users/sign_in" for 127.0.0.1 at 2019-01-03 22:40:46 -0700
Processing by Devise::SessionsController#new as HTML
  Rendering devise/sessions/new.html.erb within layouts/application
  Rendered devise/shared/_links.html.erb (3.3ms)
  Rendered devise/sessions/new.html.erb within layouts/application (50.2ms)
  Rendered layouts/_navbar.html.erb (2.2ms)
Completed 200 OK in 127ms (Views: 125.1ms | ActiveRecord: 0.0ms)


Started GET "/posts/new" for 127.0.0.1 at 2019-01-03 22:40:48 -0700
Processing by PostsController#new as HTML
Completed 401 Unauthorized in 2ms (ActiveRecord: 0.0ms)


Started GET "/users/sign_in" for 127.0.0.1 at 2019-01-03 22:40:48 -0700
Processing by Devise::SessionsController#new as HTML
  Rendering devise/sessions/new.html.erb within layouts/application
  Rendered devise/shared/_links.html.erb (1.5ms)
  Rendered devise/sessions/new.html.erb within layouts/application (7.5ms)
  Rendered layouts/_navbar.html.erb (1.4ms)
Completed 200 OK in 63ms (Views: 60.9ms | ActiveRecord: 0.0ms)


Started GET "/posts" for 127.0.0.1 at 2019-01-03 22:40:49 -0700
Processing by PostsController#index as HTML
Completed 401 Unauthorized in 1ms (ActiveRecord: 0.0ms)


Started GET "/users/sign_in" for 127.0.0.1 at 2019-01-03 22:40:49 -0700
Processing by Devise::SessionsController#new as HTML
  Rendering devise/sessions/new.html.erb within layouts/application
  Rendered devise/shared/_links.html.erb (3.4ms)
  Rendered devise/sessions/new.html.erb within layouts/application (12.5ms)
  Rendered layouts/_navbar.html.erb (2.6ms)
Completed 200 OK in 83ms (Views: 80.2ms | ActiveRecord: 0.0ms)


Started GET "/posts/new" for 127.0.0.1 at 2019-01-03 22:40:51 -0700
Processing by PostsController#new as HTML
Completed 401 Unauthorized in 2ms (ActiveRecord: 0.0ms)


Started GET "/users/sign_in" for 127.0.0.1 at 2019-01-03 22:40:51 -0700
Processing by Devise::SessionsController#new as HTML
  Rendering devise/sessions/new.html.erb within layouts/application
  Rendered devise/shared/_links.html.erb (2.8ms)
  Rendered devise/sessions/new.html.erb within layouts/application (11.1ms)
  Rendered layouts/_navbar.html.erb (1.0ms)
Completed 200 OK in 74ms (Views: 71.7ms | ActiveRecord: 0.0ms)


Started GET "/users/edit" for 127.0.0.1 at 2019-01-03 22:40:52 -0700
Processing by Devise::RegistrationsController#edit as HTML
Completed 401 Unauthorized in 1ms (ActiveRecord: 0.0ms)


Started GET "/users/sign_in" for 127.0.0.1 at 2019-01-03 22:40:52 -0700
Processing by Devise::SessionsController#new as HTML
  Rendering devise/sessions/new.html.erb within layouts/application
  Rendered devise/shared/_links.html.erb (2.5ms)
  Rendered devise/sessions/new.html.erb within layouts/application (10.9ms)
  Rendered layouts/_navbar.html.erb (1.9ms)
Completed 200 OK in 76ms (Views: 73.7ms | ActiveRecord: 0.0ms)


